<?xml version="1.0" encoding="UTF-8"?>
<testng-results ignored="0" total="1" passed="1" failed="0" skipped="0">
  <reporter-output>
  </reporter-output>
  <suite started-at="2023-11-25T14:11:22 CET" name="Default suite" finished-at="2023-11-25T14:11:29 CET" duration-ms="7537">
    <groups>
    </groups>
    <test started-at="2023-11-25T14:11:22 CET" name="Default test" finished-at="2023-11-25T14:11:29 CET" duration-ms="7537">
      <class name="com.banking.testCases.TC_LoginTest_001">
        <test-method is-config="true" signature="setup()[pri:0, instance:com.banking.testCases.TC_LoginTest_001@41e350f1]" started-at="2023-11-25T14:11:22 CET" name="setup" finished-at="2023-11-25T14:11:25 CET" duration-ms="2931" status="PASS">
          <reporter-output>
          </reporter-output>
        </test-method> <!-- setup -->
        <test-method signature="loginTest()[pri:0, instance:com.banking.testCases.TC_LoginTest_001@41e350f1]" started-at="2023-11-25T14:11:25 CET" name="loginTest" finished-at="2023-11-25T14:11:29 CET" duration-ms="4178" status="PASS">
          <reporter-output>
          </reporter-output>
        </test-method> <!-- loginTest -->
        <test-method is-config="true" signature="tearDown()[pri:0, instance:com.banking.testCases.TC_LoginTest_001@41e350f1]" started-at="2023-11-25T14:11:29 CET" name="tearDown" finished-at="2023-11-25T14:11:29 CET" duration-ms="362" status="PASS">
          <reporter-output>
          </reporter-output>
        </test-method> <!-- tearDown -->
      </class> <!-- com.banking.testCases.TC_LoginTest_001 -->
    </test> <!-- Default test -->
  </suite> <!-- Default suite -->
</testng-results>
